[2024-01-30 12:14:29,249: INFO: main: Welcome]
[2024-01-30 12:47:33,236: INFO: main: Welcome]
[2024-01-30 12:47:33,236: INFO: main: >>>>>> stage Data Ingestion stage started <<<<<<]
[2024-01-30 12:47:33,237: INFO: common: yaml file: config/config.yaml loaded successfully]
[2024-01-30 12:47:33,237: INFO: common: yaml file: params.yaml loaded successfully]
[2024-01-30 12:47:33,237: INFO: common: created directory at: artifacts]
[2024-01-30 12:47:33,237: INFO: common: created directory at: artifacts/data_ingestion]
[2024-01-30 12:47:33,238: INFO: data_ingestion: Downloading data from https://drive.google.com/file/d/1vBlUgdgRwatfrjFT9f8wplE2cKITzdwt/view?usp=sharing into file artifacts/data_ingestion/data.zip]
[2024-01-30 13:05:30,936: INFO: data_ingestion: Downloaded data from https://drive.google.com/file/d/1vBlUgdgRwatfrjFT9f8wplE2cKITzdwt/view?usp=sharing into file artifacts/data_ingestion/data.zip]
[2024-01-30 13:05:40,569: INFO: main: >>>>>> stage Data Ingestion stage completed <<<<<<

x==========x]
[2024-01-30 18:48:29,321: INFO: main: Welcome]
[2024-01-30 18:48:29,322: INFO: main: >>>>>> stage Data Ingestion stage started <<<<<<]
[2024-01-30 18:48:29,323: INFO: common: yaml file: config/config.yaml loaded successfully]
[2024-01-30 18:48:29,324: INFO: common: yaml file: params.yaml loaded successfully]
[2024-01-30 18:48:29,324: INFO: common: created directory at: artifacts]
[2024-01-30 18:48:29,324: INFO: common: created directory at: artifacts/data_ingestion]
[2024-01-30 18:48:29,325: INFO: data_ingestion: Downloading data from https://drive.google.com/file/d/1vBlUgdgRwatfrjFT9f8wplE2cKITzdwt/view?usp=sharing into file artifacts/data_ingestion/data.zip]
[2024-01-30 19:04:46,742: INFO: data_ingestion: Downloaded data from https://drive.google.com/file/d/1vBlUgdgRwatfrjFT9f8wplE2cKITzdwt/view?usp=sharing into file artifacts/data_ingestion/data.zip]
[2024-01-30 19:04:56,549: INFO: main: >>>>>> stage Data Ingestion stage completed <<<<<<

x==========x]
[2024-01-30 19:04:56,549: INFO: main: *******************]
[2024-01-30 19:04:56,549: INFO: main: >>>>>> stage Prepare base model started <<<<<<]
[2024-01-30 19:04:56,550: INFO: common: yaml file: config/config.yaml loaded successfully]
[2024-01-30 19:04:56,551: INFO: common: yaml file: params.yaml loaded successfully]
[2024-01-30 19:04:56,551: INFO: common: created directory at: artifacts]
[2024-01-30 19:04:56,551: INFO: common: created directory at: artifacts/prepare_base_model]
[2024-01-30 19:05:11,007: WARNING: saving_utils: Compiled the loaded model, but the compiled metrics have yet to be built. `model.compile_metrics` will be empty until you train or evaluate the model.]
[2024-01-30 19:05:11,270: INFO: main: >>>>>> stage Prepare base model completed <<<<<<

x==========x]
[2024-01-30 19:25:43,701: INFO: main: Welcome]
[2024-01-30 19:25:43,701: INFO: main: >>>>>> stage Data Ingestion stage started <<<<<<]
[2024-01-30 19:25:43,702: INFO: common: yaml file: config/config.yaml loaded successfully]
[2024-01-30 19:25:43,704: INFO: common: yaml file: params.yaml loaded successfully]
[2024-01-30 19:25:43,705: INFO: common: created directory at: artifacts]
[2024-01-30 19:25:43,705: INFO: common: created directory at: artifacts/data_ingestion]
[2024-01-30 19:25:43,705: INFO: data_ingestion: Downloading data from https://drive.google.com/file/d/1vBlUgdgRwatfrjFT9f8wplE2cKITzdwt/view?usp=sharing into file artifacts/data_ingestion/data.zip]
[2024-01-30 19:26:42,442: INFO: data_ingestion: Downloaded data from https://drive.google.com/file/d/1vBlUgdgRwatfrjFT9f8wplE2cKITzdwt/view?usp=sharing into file artifacts/data_ingestion/data.zip]
[2024-01-30 19:26:51,962: INFO: main: >>>>>> stage Data Ingestion stage completed <<<<<<

x==========x]
[2024-01-30 19:26:51,962: INFO: main: *******************]
[2024-01-30 19:26:51,962: INFO: main: >>>>>> stage Prepare base model started <<<<<<]
[2024-01-30 19:26:51,964: INFO: common: yaml file: config/config.yaml loaded successfully]
[2024-01-30 19:26:51,965: INFO: common: yaml file: params.yaml loaded successfully]
[2024-01-30 19:26:51,965: INFO: common: created directory at: artifacts]
[2024-01-30 19:26:51,965: INFO: common: created directory at: artifacts/prepare_base_model]
[2024-01-30 19:26:53,835: WARNING: saving_utils: Compiled the loaded model, but the compiled metrics have yet to be built. `model.compile_metrics` will be empty until you train or evaluate the model.]
[2024-01-30 19:26:54,096: INFO: main: >>>>>> stage Prepare base model completed <<<<<<

x==========x]
[2024-02-06 15:28:44,746: INFO: main: Welcome]
[2024-02-06 15:28:44,746: INFO: main: >>>>>> stage Data Ingestion stage started <<<<<<]
[2024-02-06 15:28:44,748: INFO: common: yaml file: config\config.yaml loaded successfully]
[2024-02-06 15:28:44,749: INFO: common: yaml file: params.yaml loaded successfully]
[2024-02-06 15:28:44,750: INFO: common: created directory at: artifacts]
[2024-02-06 15:28:44,750: INFO: common: created directory at: artifacts/data_ingestion]
[2024-02-06 15:28:44,751: INFO: data_ingestion: Downloading data from https://drive.google.com/file/d/1vBlUgdgRwatfrjFT9f8wplE2cKITzdwt/view?usp=sharing into file artifacts/data_ingestion/data.zip]
[2024-02-06 15:29:58,363: INFO: data_ingestion: Downloaded data from https://drive.google.com/file/d/1vBlUgdgRwatfrjFT9f8wplE2cKITzdwt/view?usp=sharing into file artifacts/data_ingestion/data.zip]
[2024-02-06 15:30:16,592: INFO: main: >>>>>> stage Data Ingestion stage completed <<<<<<

x==========x]
[2024-02-06 15:30:16,593: INFO: main: *******************]
[2024-02-06 15:30:16,594: INFO: main: >>>>>> stage Prepare base model started <<<<<<]
[2024-02-06 15:30:16,596: INFO: common: yaml file: config\config.yaml loaded successfully]
[2024-02-06 15:30:16,597: INFO: common: yaml file: params.yaml loaded successfully]
[2024-02-06 15:30:16,598: INFO: common: created directory at: artifacts]
[2024-02-06 15:30:16,599: INFO: common: created directory at: artifacts/prepare_base_model]
[2024-02-06 15:30:22,668: WARNING: saving_utils: Compiled the loaded model, but the compiled metrics have yet to be built. `model.compile_metrics` will be empty until you train or evaluate the model.]
[2024-02-06 15:30:22,853: INFO: main: >>>>>> stage Prepare base model completed <<<<<<

x==========x]
[2024-02-06 16:06:10,959: INFO: main: Welcome]
[2024-02-06 16:06:10,959: INFO: main: *******************]
[2024-02-06 16:06:10,960: INFO: main: >>>>>> stage Training started <<<<<<]
[2024-02-06 16:06:10,962: INFO: common: yaml file: config\config.yaml loaded successfully]
[2024-02-06 16:06:10,963: INFO: common: yaml file: params.yaml loaded successfully]
[2024-02-06 16:06:10,964: INFO: common: created directory at: artifacts]
[2024-02-06 16:06:10,964: INFO: common: created directory at: artifacts\training]
[2024-02-06 16:06:11,315: ERROR: main: [WinError 3] The system cannot find the path specified: 'artifacts\\data_ingestion\\kidney-ct-scan-image']
Traceback (most recent call last):
  File "d:\Projects\Kidney_disease_classifier\main.py", line 33, in <module>
    model_trainer.main()
  File "d:\projects\kidney_disease_classifier\src\cnnClassifier\pipeline\stage_03_model_training.py", line 20, in main
    training.train_valid_generator()
  File "d:\projects\kidney_disease_classifier\src\cnnClassifier\components\model_training.py", line 37, in train_valid_generator
    self.valid_generator = valid_datagenerator.flow_from_directory(
  File "D:\Projects\env1\lib\site-packages\keras\preprocessing\image.py", line 1648, in flow_from_directory
    return DirectoryIterator(
  File "D:\Projects\env1\lib\site-packages\keras\preprocessing\image.py", line 563, in __init__
    for subdir in sorted(os.listdir(directory)):
FileNotFoundError: [WinError 3] The system cannot find the path specified: 'artifacts\\data_ingestion\\kidney-ct-scan-image'
[2024-02-06 16:07:54,357: INFO: main: Welcome]
[2024-02-06 16:07:54,357: INFO: main: *******************]
[2024-02-06 16:07:54,358: INFO: main: >>>>>> stage Training started <<<<<<]
[2024-02-06 16:07:54,359: INFO: common: yaml file: config\config.yaml loaded successfully]
[2024-02-06 16:07:54,361: INFO: common: yaml file: params.yaml loaded successfully]
[2024-02-06 16:07:54,362: INFO: common: created directory at: artifacts]
[2024-02-06 16:07:54,362: INFO: common: created directory at: artifacts\training]
[2024-02-06 16:19:57,933: INFO: main: >>>>>> stage Training completed <<<<<<

x==========x]
[2024-02-07 17:09:44,970: INFO: main: Welcome]
[2024-02-07 17:09:44,970: INFO: main: *******************]
[2024-02-07 17:09:44,970: INFO: main: >>>>>> stage Prepare base model started <<<<<<]
[2024-02-07 17:09:44,970: INFO: common: yaml file: config\config.yaml loaded successfully]
[2024-02-07 17:09:44,970: INFO: common: yaml file: params.yaml loaded successfully]
[2024-02-07 17:09:44,970: INFO: common: created directory at: artifacts]
[2024-02-07 17:09:44,970: INFO: common: created directory at: artifacts/prepare_base_model]
[2024-02-07 17:09:45,411: WARNING: saving_utils: Compiled the loaded model, but the compiled metrics have yet to be built. `model.compile_metrics` will be empty until you train or evaluate the model.]
[2024-02-07 17:09:45,716: INFO: main: >>>>>> stage Prepare base model completed <<<<<<

x==========x]
[2024-02-07 17:09:45,717: INFO: main: *******************]
[2024-02-07 17:09:45,717: INFO: main: >>>>>> stage Training started <<<<<<]
[2024-02-07 17:09:45,717: INFO: common: yaml file: config\config.yaml loaded successfully]
[2024-02-07 17:09:45,717: INFO: common: yaml file: params.yaml loaded successfully]
[2024-02-07 17:09:45,717: INFO: common: created directory at: artifacts]
[2024-02-07 17:09:45,717: INFO: common: created directory at: artifacts\training]
[2024-02-07 17:21:44,128: INFO: main: >>>>>> stage Training completed <<<<<<

x==========x]
[2024-02-07 17:21:44,129: INFO: main: *******************]
[2024-02-07 17:21:44,129: INFO: main: >>>>>> stage Evaluation stage started <<<<<<]
[2024-02-07 17:21:44,131: INFO: common: yaml file: config\config.yaml loaded successfully]
[2024-02-07 17:21:44,133: INFO: common: yaml file: params.yaml loaded successfully]
[2024-02-07 17:21:44,134: INFO: common: created directory at: artifacts]
[2024-02-07 17:25:24,680: INFO: common: json file saved at: scores.json]
[2024-02-07 17:25:24,680: INFO: common: json file saved at: scores.json]
[2024-02-07 17:25:24,680: INFO: main: >>>>>> stage Evaluation stage completed <<<<<<

x==========x]
[2024-02-07 20:27:32,795: INFO: common: yaml file: config\config.yaml loaded successfully]
[2024-02-07 20:27:32,799: INFO: common: yaml file: params.yaml loaded successfully]
[2024-02-07 20:27:32,800: INFO: common: created directory at: artifacts]
[2024-02-07 20:31:44,344: INFO: common: json file saved at: scores.json]
[2024-02-07 20:31:47,380: WARNING: save: Found untraced functions such as _jit_compiled_convolution_op, _jit_compiled_convolution_op, _jit_compiled_convolution_op, _jit_compiled_convolution_op, _jit_compiled_convolution_op while saving (showing 5 of 14). These functions will not be directly callable after loading.]
[2024-02-07 20:31:47,986: INFO: builder_impl: Assets written to: C:\Users\bishw\AppData\Local\Temp\tmpuvwvhg37\model\data\model\assets]
[2024-02-07 22:59:09,225: INFO: main: Welcome]
[2024-02-07 22:59:09,225: INFO: main: *******************]
[2024-02-07 22:59:09,225: INFO: main: >>>>>> stage Evaluation stage started <<<<<<]
[2024-02-07 22:59:09,225: INFO: common: yaml file: config\config.yaml loaded successfully]
[2024-02-07 22:59:09,225: INFO: common: yaml file: params.yaml loaded successfully]
[2024-02-07 22:59:09,225: INFO: common: created directory at: artifacts]
[2024-02-07 23:02:48,068: INFO: common: json file saved at: scores.json]
[2024-02-07 23:02:48,068: INFO: common: json file saved at: scores.json]
[2024-02-07 23:02:48,069: INFO: main: >>>>>> stage Evaluation stage completed <<<<<<

x==========x]
[2024-02-08 09:49:15,990: INFO: main: Welcome]
[2024-02-08 09:49:15,990: INFO: main: *******************]
[2024-02-08 09:49:15,990: INFO: main: >>>>>> stage Evaluation stage started <<<<<<]
[2024-02-08 09:49:15,992: INFO: common: yaml file: config\config.yaml loaded successfully]
[2024-02-08 09:49:15,994: INFO: common: yaml file: params.yaml loaded successfully]
[2024-02-08 09:49:15,994: INFO: common: created directory at: artifacts]
[2024-02-08 09:53:40,634: INFO: common: json file saved at: scores.json]
[2024-02-08 09:53:40,634: INFO: common: json file saved at: scores.json]
[2024-02-08 09:53:40,635: INFO: main: >>>>>> stage Evaluation stage completed <<<<<<

x==========x]
[2024-02-08 11:20:29,928: INFO: main: Welcome]
[2024-02-08 11:20:29,931: INFO: main: >>>>>> stage Data Ingestion stage started <<<<<<]
[2024-02-08 11:20:29,937: INFO: common: yaml file: config/config.yaml loaded successfully]
[2024-02-08 11:20:29,957: INFO: common: yaml file: params.yaml loaded successfully]
[2024-02-08 11:20:29,964: INFO: common: created directory at: artifacts]
[2024-02-08 11:20:29,968: INFO: common: created directory at: artifacts/data_ingestion]
[2024-02-08 11:20:29,975: INFO: data_ingestion: Downloading data from https://drive.google.com/file/d/1vBlUgdgRwatfrjFT9f8wplE2cKITzdwt/view?usp=sharing into file artifacts/data_ingestion/data.zip]
[2024-02-08 11:57:12,335: INFO: data_ingestion: Downloaded data from https://drive.google.com/file/d/1vBlUgdgRwatfrjFT9f8wplE2cKITzdwt/view?usp=sharing into file artifacts/data_ingestion/data.zip]
[2024-02-08 11:58:30,476: INFO: main: >>>>>> stage Data Ingestion stage completed <<<<<<

x==========x]
[2024-02-08 11:58:30,477: INFO: main: *******************]
[2024-02-08 11:58:30,477: INFO: main: >>>>>> stage Prepare base model started <<<<<<]
[2024-02-08 11:58:30,481: INFO: common: yaml file: config/config.yaml loaded successfully]
[2024-02-08 11:58:30,484: INFO: common: yaml file: params.yaml loaded successfully]
[2024-02-08 11:58:30,487: INFO: common: created directory at: artifacts]
[2024-02-08 11:58:30,490: INFO: common: created directory at: artifacts/prepare_base_model]
[2024-02-08 11:59:51,578: WARNING: saving_utils: Compiled the loaded model, but the compiled metrics have yet to be built. `model.compile_metrics` will be empty until you train or evaluate the model.]
[2024-02-08 11:59:51,895: INFO: main: >>>>>> stage Prepare base model completed <<<<<<

x==========x]
[2024-02-08 11:59:51,895: INFO: main: *******************]
[2024-02-08 11:59:51,895: INFO: main: >>>>>> stage Training started <<<<<<]
[2024-02-08 11:59:51,899: INFO: common: yaml file: config/config.yaml loaded successfully]
[2024-02-08 11:59:51,902: INFO: common: yaml file: params.yaml loaded successfully]
[2024-02-08 11:59:51,904: INFO: common: created directory at: artifacts]
[2024-02-08 11:59:51,907: INFO: common: created directory at: artifacts/training]
[2024-02-08 12:13:26,380: INFO: main: >>>>>> stage Training completed <<<<<<

x==========x]
[2024-02-08 12:13:26,381: INFO: main: *******************]
[2024-02-08 12:13:26,381: INFO: main: >>>>>> stage Evaluation stage started <<<<<<]
[2024-02-08 12:13:26,385: INFO: common: yaml file: config/config.yaml loaded successfully]
[2024-02-08 12:13:26,389: INFO: common: yaml file: params.yaml loaded successfully]
[2024-02-08 12:13:26,391: INFO: common: created directory at: artifacts]
[2024-02-08 12:17:36,223: INFO: common: json file saved at: scores.json]
[2024-02-08 12:17:36,227: INFO: common: json file saved at: scores.json]
[2024-02-08 12:17:36,227: INFO: main: >>>>>> stage Evaluation stage completed <<<<<<

x==========x]
[2024-02-08 19:48:18,455: INFO: main: Welcome]
[2024-02-08 19:48:18,457: INFO: main: *******************]
[2024-02-08 19:48:18,458: INFO: main: >>>>>> stage Evaluation stage started <<<<<<]
[2024-02-08 19:48:18,461: INFO: common: yaml file: config/config.yaml loaded successfully]
[2024-02-08 19:48:18,474: INFO: common: yaml file: params.yaml loaded successfully]
[2024-02-08 19:48:18,480: INFO: common: created directory at: artifacts]
[2024-02-08 19:53:07,362: INFO: common: json file saved at: scores.json]
[2024-02-08 19:53:07,366: INFO: common: json file saved at: scores.json]
[2024-02-08 19:53:12,613: WARNING: save: Found untraced functions such as _jit_compiled_convolution_op, _jit_compiled_convolution_op, _jit_compiled_convolution_op, _jit_compiled_convolution_op, _jit_compiled_convolution_op while saving (showing 5 of 14). These functions will not be directly callable after loading.]
[2024-02-08 19:53:13,444: INFO: builder_impl: Assets written to: /tmp/tmp136itoy1/model/data/model/assets]
[2024-02-08 19:56:46,669: INFO: main: >>>>>> stage Evaluation stage completed <<<<<<

x==========x]
[2024-02-09 11:06:53,376: INFO: main: Welcome]
[2024-02-09 11:06:53,378: INFO: main: >>>>>> stage Data Ingestion stage started <<<<<<]
[2024-02-09 11:06:53,382: INFO: common: yaml file: config/config.yaml loaded successfully]
[2024-02-09 11:06:53,397: INFO: common: yaml file: params.yaml loaded successfully]
[2024-02-09 11:06:53,413: INFO: common: created directory at: artifacts]
[2024-02-09 11:06:53,416: INFO: common: created directory at: artifacts/data_ingestion]
[2024-02-09 11:06:53,420: INFO: data_ingestion: Downloading data from https://drive.google.com/file/d/1vBlUgdgRwatfrjFT9f8wplE2cKITzdwt/view?usp=sharing into file artifacts/data_ingestion/data.zip]
[2024-02-09 11:08:24,537: INFO: data_ingestion: Downloaded data from https://drive.google.com/file/d/1vBlUgdgRwatfrjFT9f8wplE2cKITzdwt/view?usp=sharing into file artifacts/data_ingestion/data.zip]
[2024-02-09 11:09:58,671: INFO: main: >>>>>> stage Data Ingestion stage completed <<<<<<

x==========x]
[2024-02-09 11:09:58,671: INFO: main: *******************]
[2024-02-09 11:09:58,672: INFO: main: >>>>>> stage Prepare base model started <<<<<<]
[2024-02-09 11:09:58,675: INFO: common: yaml file: config/config.yaml loaded successfully]
[2024-02-09 11:09:58,679: INFO: common: yaml file: params.yaml loaded successfully]
[2024-02-09 11:09:58,682: INFO: common: created directory at: artifacts]
[2024-02-09 11:09:58,685: INFO: common: created directory at: artifacts/prepare_base_model]
[2024-02-09 11:09:59,961: WARNING: saving_utils: Compiled the loaded model, but the compiled metrics have yet to be built. `model.compile_metrics` will be empty until you train or evaluate the model.]
[2024-02-09 11:10:00,275: INFO: main: >>>>>> stage Prepare base model completed <<<<<<

x==========x]
[2024-02-09 11:10:00,275: INFO: main: *******************]
[2024-02-09 11:10:00,275: INFO: main: >>>>>> stage Training started <<<<<<]
[2024-02-09 11:10:00,279: INFO: common: yaml file: config/config.yaml loaded successfully]
[2024-02-09 11:10:00,283: INFO: common: yaml file: params.yaml loaded successfully]
[2024-02-09 11:10:00,285: INFO: common: created directory at: artifacts]
[2024-02-09 11:10:00,295: INFO: common: created directory at: artifacts/training]
[2024-02-09 14:26:08,302: INFO: main: Welcome]
[2024-02-09 14:26:08,302: INFO: main: >>>>>> stage Data Ingestion stage started <<<<<<]
[2024-02-09 14:26:08,302: INFO: common: yaml file: config\config.yaml loaded successfully]
[2024-02-09 14:26:08,302: INFO: common: yaml file: params.yaml loaded successfully]
[2024-02-09 14:26:08,302: INFO: common: created directory at: artifacts]
[2024-02-09 14:26:08,318: INFO: common: created directory at: artifacts/data_ingestion]
[2024-02-09 14:26:08,318: INFO: data_ingestion: Downloading data from https://drive.google.com/file/d/1vBlUgdgRwatfrjFT9f8wplE2cKITzdwt/view?usp=sharing into file artifacts/data_ingestion/data.zip]
[2024-02-09 14:26:56,170: INFO: data_ingestion: Downloaded data from https://drive.google.com/file/d/1vBlUgdgRwatfrjFT9f8wplE2cKITzdwt/view?usp=sharing into file artifacts/data_ingestion/data.zip]
[2024-02-09 14:27:10,596: INFO: main: >>>>>> stage Data Ingestion stage completed <<<<<<

x==========x]
[2024-02-09 14:27:10,596: INFO: main: *******************]
[2024-02-09 14:27:10,597: INFO: main: >>>>>> stage Prepare base model started <<<<<<]
[2024-02-09 14:27:10,599: INFO: common: yaml file: config\config.yaml loaded successfully]
[2024-02-09 14:27:10,601: INFO: common: yaml file: params.yaml loaded successfully]
[2024-02-09 14:27:10,601: INFO: common: created directory at: artifacts]
[2024-02-09 14:27:10,601: INFO: common: created directory at: artifacts/prepare_base_model]
[2024-02-09 14:27:12,998: WARNING: saving_utils: Compiled the loaded model, but the compiled metrics have yet to be built. `model.compile_metrics` will be empty until you train or evaluate the model.]
[2024-02-09 14:27:13,255: INFO: main: >>>>>> stage Prepare base model completed <<<<<<

x==========x]
[2024-02-09 14:27:13,256: INFO: main: *******************]
[2024-02-09 14:27:13,256: INFO: main: >>>>>> stage Training started <<<<<<]
[2024-02-09 14:27:13,258: INFO: common: yaml file: config\config.yaml loaded successfully]
[2024-02-09 14:27:13,260: INFO: common: yaml file: params.yaml loaded successfully]
[2024-02-09 14:27:13,260: INFO: common: created directory at: artifacts]
[2024-02-09 14:27:13,261: INFO: common: created directory at: artifacts\training]
[2024-02-09 14:49:01,710: INFO: main: >>>>>> stage Training completed <<<<<<

x==========x]
[2024-02-09 14:49:01,710: INFO: main: *******************]
[2024-02-09 14:49:01,711: INFO: main: >>>>>> stage Evaluation stage started <<<<<<]
[2024-02-09 14:49:01,714: INFO: common: yaml file: config\config.yaml loaded successfully]
[2024-02-09 14:49:01,715: INFO: common: yaml file: params.yaml loaded successfully]
[2024-02-09 14:49:01,716: INFO: common: created directory at: artifacts]
[2024-02-09 14:49:32,127: INFO: common: json file saved at: scores.json]
[2024-02-09 14:49:32,127: INFO: common: json file saved at: scores.json]
[2024-02-09 14:49:37,070: WARNING: save: Found untraced functions such as _jit_compiled_convolution_op, _jit_compiled_convolution_op, _jit_compiled_convolution_op, _jit_compiled_convolution_op, _jit_compiled_convolution_op while saving (showing 5 of 13). These functions will not be directly callable after loading.]
[2024-02-09 14:49:37,729: INFO: builder_impl: Assets written to: C:\Users\bishw\AppData\Local\Temp\tmppt0lspo0\model\data\model\assets]
[2024-02-09 14:50:49,069: INFO: main: >>>>>> stage Evaluation stage completed <<<<<<

x==========x]
[2024-02-09 15:05:02,019: INFO: main: Welcome]
[2024-02-09 15:05:02,019: INFO: main: >>>>>> stage Data Ingestion stage started <<<<<<]
[2024-02-09 15:05:02,034: INFO: common: yaml file: config\config.yaml loaded successfully]
[2024-02-09 15:05:02,034: INFO: common: yaml file: params.yaml loaded successfully]
[2024-02-09 15:05:02,034: INFO: common: created directory at: artifacts]
[2024-02-09 15:05:02,034: INFO: common: created directory at: artifacts/data_ingestion]
[2024-02-09 15:05:02,034: INFO: data_ingestion: Downloading data from https://drive.google.com/file/d/1vBlUgdgRwatfrjFT9f8wplE2cKITzdwt/view?usp=sharing into file artifacts/data_ingestion/data.zip]
[2024-02-09 15:05:26,363: INFO: main: Welcome]
[2024-02-09 15:05:26,363: INFO: main: >>>>>> stage Data Ingestion stage started <<<<<<]
[2024-02-09 15:05:26,363: INFO: common: yaml file: config\config.yaml loaded successfully]
[2024-02-09 15:05:26,363: INFO: common: yaml file: params.yaml loaded successfully]
[2024-02-09 15:05:26,363: INFO: common: created directory at: artifacts]
[2024-02-09 15:05:26,363: INFO: common: created directory at: artifacts/data_ingestion]
[2024-02-09 15:05:26,363: INFO: data_ingestion: Downloading data from https://drive.google.com/file/d/1vBlUgdgRwatfrjFT9f8wplE2cKITzdwt/view?usp=sharing into file artifacts/data_ingestion/data.zip]
[2024-02-09 15:06:13,070: INFO: data_ingestion: Downloaded data from https://drive.google.com/file/d/1vBlUgdgRwatfrjFT9f8wplE2cKITzdwt/view?usp=sharing into file artifacts/data_ingestion/data.zip]
[2024-02-09 15:06:26,528: INFO: main: >>>>>> stage Data Ingestion stage completed <<<<<<

x==========x]
[2024-02-09 15:06:26,528: INFO: main: *******************]
[2024-02-09 15:06:26,528: INFO: main: >>>>>> stage Prepare base model started <<<<<<]
[2024-02-09 15:06:26,528: INFO: common: yaml file: config\config.yaml loaded successfully]
[2024-02-09 15:06:26,528: INFO: common: yaml file: params.yaml loaded successfully]
[2024-02-09 15:06:26,528: INFO: common: created directory at: artifacts]
[2024-02-09 15:06:26,528: INFO: common: created directory at: artifacts/prepare_base_model]
[2024-02-09 15:06:27,862: WARNING: saving_utils: Compiled the loaded model, but the compiled metrics have yet to be built. `model.compile_metrics` will be empty until you train or evaluate the model.]
[2024-02-09 15:06:28,113: INFO: main: >>>>>> stage Prepare base model completed <<<<<<

x==========x]
[2024-02-09 15:06:28,113: INFO: main: *******************]
[2024-02-09 15:06:28,113: INFO: main: >>>>>> stage Training started <<<<<<]
[2024-02-09 15:06:28,125: INFO: common: yaml file: config\config.yaml loaded successfully]
[2024-02-09 15:06:28,129: INFO: common: yaml file: params.yaml loaded successfully]
[2024-02-09 15:06:28,129: INFO: common: created directory at: artifacts]
[2024-02-09 15:06:28,129: INFO: common: created directory at: artifacts\training]
[2024-02-09 15:55:59,802: INFO: main: >>>>>> stage Training completed <<<<<<

x==========x]
[2024-02-09 15:55:59,803: INFO: main: *******************]
[2024-02-09 15:55:59,803: INFO: main: >>>>>> stage Evaluation stage started <<<<<<]
[2024-02-09 15:55:59,806: INFO: common: yaml file: config\config.yaml loaded successfully]
[2024-02-09 15:55:59,808: INFO: common: yaml file: params.yaml loaded successfully]
[2024-02-09 15:55:59,808: INFO: common: created directory at: artifacts]
[2024-02-09 15:56:50,344: INFO: common: json file saved at: scores.json]
[2024-02-09 15:56:50,345: INFO: common: json file saved at: scores.json]
[2024-02-09 15:56:55,406: WARNING: save: Found untraced functions such as _jit_compiled_convolution_op, _jit_compiled_convolution_op, _jit_compiled_convolution_op, _jit_compiled_convolution_op, _jit_compiled_convolution_op while saving (showing 5 of 13). These functions will not be directly callable after loading.]
[2024-02-09 15:56:56,105: INFO: builder_impl: Assets written to: C:\Users\bishw\AppData\Local\Temp\tmpl5xyw8tv\model\data\model\assets]
[2024-02-09 15:58:43,676: INFO: main: >>>>>> stage Evaluation stage completed <<<<<<

x==========x]
[2024-02-12 12:42:17,341: INFO: stage_01_data_ingestion: >>>>>> stage Data Ingestion stage started <<<<<<]
[2024-02-12 12:42:17,341: INFO: common: yaml file: config\config.yaml loaded successfully]
[2024-02-12 12:42:17,341: INFO: common: yaml file: params.yaml loaded successfully]
[2024-02-12 12:42:17,357: INFO: common: created directory at: artifacts]
[2024-02-12 12:42:17,357: INFO: common: created directory at: artifacts/data_ingestion]
[2024-02-12 12:42:17,357: INFO: data_ingestion: Downloading data from https://drive.google.com/file/d/1vBlUgdgRwatfrjFT9f8wplE2cKITzdwt/view?usp=sharing into file artifacts/data_ingestion/data.zip]
[2024-02-12 12:43:42,552: INFO: data_ingestion: Downloaded data from https://drive.google.com/file/d/1vBlUgdgRwatfrjFT9f8wplE2cKITzdwt/view?usp=sharing into file artifacts/data_ingestion/data.zip]
[2024-02-12 12:43:57,294: INFO: stage_01_data_ingestion: >>>>>> stage Data Ingestion stage completed <<<<<<

x==========x]
[2024-02-12 12:45:17,704: INFO: stage_02_prepare_base_model: *******************]
[2024-02-12 12:45:17,704: INFO: stage_02_prepare_base_model: >>>>>> stage Prepare base model started <<<<<<]
[2024-02-12 12:45:17,707: INFO: common: yaml file: config\config.yaml loaded successfully]
[2024-02-12 12:45:17,710: INFO: common: yaml file: params.yaml loaded successfully]
[2024-02-12 12:45:17,710: INFO: common: created directory at: artifacts]
[2024-02-12 12:45:17,710: INFO: common: created directory at: artifacts/prepare_base_model]
[2024-02-12 12:45:19,819: WARNING: saving_utils: Compiled the loaded model, but the compiled metrics have yet to be built. `model.compile_metrics` will be empty until you train or evaluate the model.]
[2024-02-12 12:45:20,099: INFO: stage_02_prepare_base_model: >>>>>> stage Prepare base model completed <<<<<<

x==========x]
[2024-02-12 12:45:31,895: INFO: stage_03_model_training: *******************]
[2024-02-12 12:45:31,895: INFO: stage_03_model_training: >>>>>> stage Training started <<<<<<]
[2024-02-12 12:45:31,898: INFO: common: yaml file: config\config.yaml loaded successfully]
[2024-02-12 12:45:31,900: INFO: common: yaml file: params.yaml loaded successfully]
[2024-02-12 12:45:31,900: INFO: common: created directory at: artifacts]
[2024-02-12 12:45:31,902: INFO: common: created directory at: artifacts\training]
[2024-02-12 12:48:24,143: INFO: stage_03_model_training: >>>>>> stage Training completed <<<<<<

x==========x]
[2024-02-12 12:48:44,745: INFO: stage_04_model_evaluation: *******************]
[2024-02-12 12:48:44,746: INFO: stage_04_model_evaluation: >>>>>> stage Evaluation stage started <<<<<<]
[2024-02-12 12:48:44,748: INFO: common: yaml file: config\config.yaml loaded successfully]
[2024-02-12 12:48:44,749: INFO: common: yaml file: params.yaml loaded successfully]
[2024-02-12 12:48:44,751: INFO: common: created directory at: artifacts]
[2024-02-12 12:49:31,953: INFO: common: json file saved at: scores.json]
[2024-02-12 12:49:31,953: INFO: common: json file saved at: scores.json]
[2024-02-12 12:49:35,881: WARNING: save: Found untraced functions such as _jit_compiled_convolution_op, _jit_compiled_convolution_op, _jit_compiled_convolution_op, _jit_compiled_convolution_op, _jit_compiled_convolution_op while saving (showing 5 of 13). These functions will not be directly callable after loading.]
[2024-02-12 12:49:36,574: INFO: builder_impl: Assets written to: C:\Users\bishw\AppData\Local\Temp\tmpcnjt0nwl\model\data\model\assets]
[2024-02-12 12:51:39,393: INFO: stage_04_model_evaluation: >>>>>> stage Evaluation stage completed <<<<<<

x==========x]
